2024-08-06 21:44:15,113 - DEBUG - Fetched expenses for user_id=1: [(1, Decimal('12.000'), 'sdfsfsfsdf', datetime.datetime(2024, 8, 6, 0, 0)), (2, Decimal('12.000'), 'sdfsfsfsdf', datetime.datetime(2024, 8, 7, 0, 0))]
2024-08-06 21:44:37,042 - INFO - Entered expenses route
2024-08-06 21:44:37,253 - DEBUG - Fetched expenses for user_id=1: [(1, Decimal('12.000'), '?????????', datetime.datetime(2024, 8, 6, 0, 0)), (2, Decimal('12.000'), 'sdfsfsfsdf', datetime.datetime(2024, 8, 7, 0, 0))]
2024-08-06 21:44:49,822 - INFO - Entered login route
2024-08-06 21:44:51,793 - INFO - Entered register route
2024-08-06 21:45:00,631 - INFO - Entered register route
2024-08-06 21:45:00,632 - DEBUG - Registration data: username=ing, name=ihor, surname=chernov, email=igorek.chernov007@gmail.com, role=admin
2024-08-06 21:45:01,450 - INFO - Entered register route
2024-08-06 21:45:09,017 - INFO - Entered register route
2024-08-06 21:45:09,017 - DEBUG - Registration data: username=ing, name=ihor, surname=chernov, email=igorek.chernov007@gmail.com, role=admin
2024-08-06 21:45:09,646 - INFO - Entered register route
2024-08-06 21:45:11,683 - INFO - Entered register route
2024-08-06 21:45:13,457 - INFO - Entered login route
2024-08-06 21:45:20,947 - INFO - Entered register route
2024-08-06 21:52:36,630 INFO: Entered login route [in /home/ihor/FemExpenses/app/user_routes.py:91]
2024-08-06 21:52:36,630 - INFO - Entered login route
2024-08-06 21:52:42,246 INFO: Entered login route [in /home/ihor/FemExpenses/app/user_routes.py:91]
2024-08-06 21:52:42,246 - INFO - Entered login route
2024-08-06 21:52:42,247 DEBUG: Login attempt with: username_or_email=ing [in /home/ihor/FemExpenses/app/user_routes.py:96]
2024-08-06 21:52:42,247 - DEBUG - Login attempt with: username_or_email=ing
2024-08-06 21:52:43,829 INFO: Entered expenses route [in /home/ihor/FemExpenses/app/expenses_routes.py:9]
2024-08-06 21:52:43,829 - INFO - Entered expenses route
2024-08-06 21:52:43,847 DEBUG: Fetched expenses for user_id=1: [(1, Decimal('12.000'), '?????????', datetime.datetime(2024, 8, 6, 0, 0)), (2, Decimal('12.000'), 'sdfsfsfsdf', datetime.datetime(2024, 8, 7, 0, 0))] [in /home/ihor/FemExpenses/app/expenses_routes.py:17]
2024-08-06 21:52:43,847 - DEBUG - Fetched expenses for user_id=1: [(1, Decimal('12.000'), '?????????', datetime.datetime(2024, 8, 6, 0, 0)), (2, Decimal('12.000'), 'sdfsfsfsdf', datetime.datetime(2024, 8, 7, 0, 0))]
2024-08-06 21:53:14,720 INFO: Entered login route [in /home/ihor/FemExpenses/app/user_routes.py:91]
2024-08-06 21:53:14,720 - INFO - Entered login route
2024-08-06 21:53:17,338 INFO: Entered login route [in /home/ihor/FemExpenses/app/user_routes.py:91]
2024-08-06 21:53:17,338 - INFO - Entered login route
2024-08-06 21:53:17,339 DEBUG: Login attempt with: username_or_email=ing [in /home/ihor/FemExpenses/app/user_routes.py:96]
2024-08-06 21:53:17,339 - DEBUG - Login attempt with: username_or_email=ing
2024-08-06 21:53:19,034 INFO: Entered expenses route [in /home/ihor/FemExpenses/app/expenses_routes.py:9]
2024-08-06 21:53:19,034 - INFO - Entered expenses route
2024-08-06 21:53:19,250 DEBUG: Fetched expenses for user_id=1: [(1, Decimal('12.000'), '?????????', datetime.datetime(2024, 8, 6, 0, 0)), (2, Decimal('12.000'), 'sdfsfsfsdf', datetime.datetime(2024, 8, 7, 0, 0))] [in /home/ihor/FemExpenses/app/expenses_routes.py:17]
2024-08-06 21:53:19,250 - DEBUG - Fetched expenses for user_id=1: [(1, Decimal('12.000'), '?????????', datetime.datetime(2024, 8, 6, 0, 0)), (2, Decimal('12.000'), 'sdfsfsfsdf', datetime.datetime(2024, 8, 7, 0, 0))]
2024-08-06 21:53:30,641 INFO: Entered expenses route [in /home/ihor/FemExpenses/app/expenses_routes.py:9]
2024-08-06 21:53:30,641 - INFO - Entered expenses route
2024-08-06 21:53:30,659 DEBUG: Fetched expenses for user_id=1: [(1, Decimal('12.000'), '?????????', datetime.datetime(2024, 8, 6, 0, 0)), (2, Decimal('12.000'), 'sdfsfsfsdf', datetime.datetime(2024, 8, 7, 0, 0)), (3, Decimal('44.000'), 'sdfdsf', datetime.datetime(2024, 8, 5, 0, 0))] [in /home/ihor/FemExpenses/app/expenses_routes.py:17]
2024-08-06 21:53:30,659 - DEBUG - Fetched expenses for user_id=1: [(1, Decimal('12.000'), '?????????', datetime.datetime(2024, 8, 6, 0, 0)), (2, Decimal('12.000'), 'sdfsfsfsdf', datetime.datetime(2024, 8, 7, 0, 0)), (3, Decimal('44.000'), 'sdfdsf', datetime.datetime(2024, 8, 5, 0, 0))]
2024-08-06 21:54:13,578 INFO: Entered expenses route [in /home/ihor/FemExpenses/app/expenses_routes.py:9]
2024-08-06 21:54:13,578 - INFO - Entered expenses route
2024-08-06 21:54:13,595 DEBUG: Fetched expenses for user_id=1: [(1, Decimal('12.000'), 'dfdsf', datetime.datetime(2001, 5, 24, 0, 0)), (2, Decimal('12.000'), 'sdfsfsfsdf', datetime.datetime(2024, 8, 7, 0, 0)), (3, Decimal('44.000'), 'sdfdsf', datetime.datetime(2024, 8, 5, 0, 0))] [in /home/ihor/FemExpenses/app/expenses_routes.py:17]
2024-08-06 21:54:13,595 - DEBUG - Fetched expenses for user_id=1: [(1, Decimal('12.000'), 'dfdsf', datetime.datetime(2001, 5, 24, 0, 0)), (2, Decimal('12.000'), 'sdfsfsfsdf', datetime.datetime(2024, 8, 7, 0, 0)), (3, Decimal('44.000'), 'sdfdsf', datetime.datetime(2024, 8, 5, 0, 0))]
2024-08-06 21:54:29,105 INFO: Entered expenses route [in /home/ihor/FemExpenses/app/expenses_routes.py:9]
2024-08-06 21:54:29,105 - INFO - Entered expenses route
2024-08-06 21:54:29,435 DEBUG: Fetched expenses for user_id=1: [(1, Decimal('12.000'), 'dfdsf', datetime.datetime(2001, 5, 24, 0, 0)), (2, Decimal('12.000'), 'sdfsfsfsdf', datetime.datetime(2024, 8, 7, 0, 0)), (3, Decimal('44.000'), 'sdfdsf', datetime.datetime(2024, 8, 5, 0, 0))] [in /home/ihor/FemExpenses/app/expenses_routes.py:17]
2024-08-06 21:54:29,435 - DEBUG - Fetched expenses for user_id=1: [(1, Decimal('12.000'), 'dfdsf', datetime.datetime(2001, 5, 24, 0, 0)), (2, Decimal('12.000'), 'sdfsfsfsdf', datetime.datetime(2024, 8, 7, 0, 0)), (3, Decimal('44.000'), 'sdfdsf', datetime.datetime(2024, 8, 5, 0, 0))]
2024-08-06 21:54:47,625 INFO: Entered expenses route [in /home/ihor/FemExpenses/app/expenses_routes.py:9]
2024-08-06 21:54:47,625 - INFO - Entered expenses route
2024-08-06 21:54:47,642 DEBUG: Fetched expenses for user_id=1: [(1, Decimal('12.000'), 'dfdsf', datetime.datetime(2001, 5, 24, 0, 0)), (2, Decimal('12.000'), 'sdfsfsfsdf', datetime.datetime(2024, 8, 7, 0, 0)), (3, Decimal('44.000'), 'sdfdsf', datetime.datetime(2024, 8, 5, 0, 0)), (4, Decimal('54.000'), '?????????', datetime.datetime(2024, 8, 6, 0, 0))] [in /home/ihor/FemExpenses/app/expenses_routes.py:17]
2024-08-06 21:54:47,642 - DEBUG - Fetched expenses for user_id=1: [(1, Decimal('12.000'), 'dfdsf', datetime.datetime(2001, 5, 24, 0, 0)), (2, Decimal('12.000'), 'sdfsfsfsdf', datetime.datetime(2024, 8, 7, 0, 0)), (3, Decimal('44.000'), 'sdfdsf', datetime.datetime(2024, 8, 5, 0, 0)), (4, Decimal('54.000'), '?????????', datetime.datetime(2024, 8, 6, 0, 0))]
2024-08-06 21:54:57,189 INFO: Entered login route [in /home/ihor/FemExpenses/app/user_routes.py:91]
2024-08-06 21:54:57,189 - INFO - Entered login route
2024-08-06 21:54:58,042 INFO: Entered register route [in /home/ihor/FemExpenses/app/user_routes.py:56]
2024-08-06 21:54:58,042 - INFO - Entered register route
2024-08-06 21:55:11,368 INFO: Entered register route [in /home/ihor/FemExpenses/app/user_routes.py:56]
2024-08-06 21:55:11,368 - INFO - Entered register route
2024-08-06 21:55:11,368 DEBUG: Registration data: username=gg, name=ihor, surname=chernov, email=igorek.chernov@gmail.com, role=admin [in /home/ihor/FemExpenses/app/user_routes.py:65]
2024-08-06 21:55:11,368 - DEBUG - Registration data: username=gg, name=ihor, surname=chernov, email=igorek.chernov@gmail.com, role=admin
2024-08-06 21:55:12,245 INFO: Entered login route [in /home/ihor/FemExpenses/app/user_routes.py:91]
2024-08-06 21:55:12,245 - INFO - Entered login route
2024-08-06 21:55:55,257 INFO: Entered login route [in /home/ihor/FemExpenses/app/user_routes.py:91]
2024-08-06 21:55:55,257 - INFO - Entered login route
2024-08-06 21:55:55,257 DEBUG: Login attempt with: username_or_email=gg [in /home/ihor/FemExpenses/app/user_routes.py:96]
2024-08-06 21:55:55,257 - DEBUG - Login attempt with: username_or_email=gg
2024-08-06 21:56:04,158 INFO: Entered expenses route [in /home/ihor/FemExpenses/app/expenses_routes.py:9]
2024-08-06 21:56:04,158 - INFO - Entered expenses route
2024-08-06 21:56:04,389 DEBUG: Fetched expenses for user_id=4: [(1, Decimal('12.000'), 'dfdsf', datetime.datetime(2001, 5, 24, 0, 0)), (2, Decimal('12.000'), 'sdfsfsfsdf', datetime.datetime(2024, 8, 7, 0, 0)), (3, Decimal('44.000'), 'sdfdsf', datetime.datetime(2024, 8, 5, 0, 0)), (4, Decimal('54.000'), '?????????', datetime.datetime(2024, 8, 6, 0, 0))] [in /home/ihor/FemExpenses/app/expenses_routes.py:17]
2024-08-06 21:56:04,389 - DEBUG - Fetched expenses for user_id=4: [(1, Decimal('12.000'), 'dfdsf', datetime.datetime(2001, 5, 24, 0, 0)), (2, Decimal('12.000'), 'sdfsfsfsdf', datetime.datetime(2024, 8, 7, 0, 0)), (3, Decimal('44.000'), 'sdfdsf', datetime.datetime(2024, 8, 5, 0, 0)), (4, Decimal('54.000'), '?????????', datetime.datetime(2024, 8, 6, 0, 0))]
